2023-08-06 01:15:50.109747 - Initialized conversion of CBT127
2023-08-06 01:15:50.383911 - Received SBGOLOB.CBT506.FILE127 from FILE127.XMI 
2023-08-06 01:15:50.386097 - Found $$$#DATE.txt (text/plain) in SBGOLOB.CBT506.FILE127, moved to FILE127/$$$#DATE
2023-08-06 01:15:50.387402 - Found $DOC.txt (text/plain) in SBGOLOB.CBT506.FILE127, moved to FILE127/$DOC
2023-08-06 01:15:50.388508 - Found $JCL.jcl (text/plain) in SBGOLOB.CBT506.FILE127, moved to FILE127/$JCL
2023-08-06 01:15:50.389444 - Found @ENT.txt (text/plain) in SBGOLOB.CBT506.FILE127, moved to FILE127/@ENT
2023-08-06 01:15:50.390351 - Found @FILE127.txt (text/plain) in SBGOLOB.CBT506.FILE127, moved to FILE127/@FILE127
2023-08-06 01:15:50.391346 - Found @RET.txt (text/plain) in SBGOLOB.CBT506.FILE127, moved to FILE127/@RET
2023-08-06 01:15:50.392244 - Found @STCK.txt (text/plain) in SBGOLOB.CBT506.FILE127, moved to FILE127/@STCK
2023-08-06 01:15:50.393124 - Found CLEAR.txt (text/plain) in SBGOLOB.CBT506.FILE127, moved to FILE127/CLEAR
2023-08-06 01:15:50.393990 - Found CONV.txt (text/plain) in SBGOLOB.CBT506.FILE127, moved to FILE127/CONV
2023-08-06 01:15:50.394849 - Found ENTER.txt (text/plain) in SBGOLOB.CBT506.FILE127, moved to FILE127/ENTER
2023-08-06 01:15:50.395710 - Found ENTERX.txt (text/plain) in SBGOLOB.CBT506.FILE127, moved to FILE127/ENTERX
2023-08-06 01:15:50.396552 - Found LEAVE.txt (text/plain) in SBGOLOB.CBT506.FILE127, moved to FILE127/LEAVE
2023-08-06 01:15:50.397402 - Found MSG.txt (text/plain) in SBGOLOB.CBT506.FILE127, moved to FILE127/MSG
2023-08-06 01:15:50.398260 - Found PDEDSNAM.txt (text/plain) in SBGOLOB.CBT506.FILE127, moved to FILE127/PDEDSNAM
2023-08-06 01:15:50.399097 - Found REGS.txt (text/plain) in SBGOLOB.CBT506.FILE127, moved to FILE127/REGS
2023-08-06 01:15:50.399958 - Found SYSGET.txt (text/plain) in SBGOLOB.CBT506.FILE127, moved to FILE127/SYSGET
2023-08-06 01:15:50.400797 - Found SYSPUT.txt (text/plain) in SBGOLOB.CBT506.FILE127, moved to FILE127/SYSPUT
2023-08-06 01:15:50.401773 - Found TSCALL.txt (text/plain) in SBGOLOB.CBT506.FILE127, moved to FILE127/TSCALL
2023-08-06 01:15:50.402657 - Found TSCVDAT.txt (text/plain) in SBGOLOB.CBT506.FILE127, moved to FILE127/TSCVDAT
2023-08-06 01:15:50.403635 - Found TSCVDATE.txt (text/plain) in SBGOLOB.CBT506.FILE127, moved to FILE127/TSCVDATE
2023-08-06 01:15:50.404515 - Found TSDYNLXA.txt (text/plain) in SBGOLOB.CBT506.FILE127, moved to FILE127/TSDYNLXA
2023-08-06 01:15:50.405399 - Found TSENQSP3.txt (text/plain) in SBGOLOB.CBT506.FILE127, moved to FILE127/TSENQSP3
2023-08-06 01:15:50.406481 - Found TSGTFMAP.txt (text/plain) in SBGOLOB.CBT506.FILE127, moved to FILE127/TSGTFMAP
2023-08-06 01:15:50.407358 - Found TSSPACE.txt (text/plain) in SBGOLOB.CBT506.FILE127, moved to FILE127/TSSPACE
2023-08-06 01:15:50.408205 - Found TSSYSTEM.txt (text/plain) in SBGOLOB.CBT506.FILE127, moved to FILE127/TSSYSTEM
2023-08-06 01:15:50.409090 - Found VTCALL.txt (text/plain) in SBGOLOB.CBT506.FILE127, moved to FILE127/VTCALL
2023-08-06 01:15:50.409928 - Found VTEXCP.txt (text/plain) in SBGOLOB.CBT506.FILE127, moved to FILE127/VTEXCP
2023-08-06 01:15:50.410777 - Found VTFMT.txt (text/plain) in SBGOLOB.CBT506.FILE127, moved to FILE127/VTFMT
2023-08-06 01:15:50.411752 - Found VTOC.txt (text/plain) in SBGOLOB.CBT506.FILE127, moved to FILE127/VTOC
2023-08-06 01:15:50.412597 - Found VTOCMSG.txt (text/plain) in SBGOLOB.CBT506.FILE127, moved to FILE127/VTOCMSG
2023-08-06 01:15:50.413591 - Found VTOCOM.txt (text/plain) in SBGOLOB.CBT506.FILE127, moved to FILE127/VTOCOM
2023-08-06 01:15:50.414534 - Found VTOCPARS.txt (text/plain) in SBGOLOB.CBT506.FILE127, moved to FILE127/VTOCPARS
